<?xml version="1.0" encoding="UTF-8" standalone="no"?>
<!DOCTYPE log SYSTEM "logger.dtd">
<log>
<record>
  <date>2018-12-26T18:08:20</date>
  <millis>1545818900615</millis>
  <sequence>0</sequence>
  <level>START</level>
  <class>com.kms.katalon.core.logging.XmlKeywordLogger</class>
  <method>startSuite</method>
  <thread>1</thread>
  <message>Start Test Suite : Test Suites/registerUsers/register_100</message>
  <nestedLevel>0</nestedLevel>
  <property name="name">register_100</property>
  <property name="description"></property>
  <property name="id">Test Suites/registerUsers/register_100</property>
</record>
<record>
  <date>2018-12-26T18:08:20</date>
  <millis>1545818900631</millis>
  <sequence>1</sequence>
  <level>RUN_DATA</level>
  <class>com.kms.katalon.core.logging.XmlKeywordLogger</class>
  <method>logMessage</method>
  <thread>1</thread>
  <message>hostName = janine.bautista - J9</message>
  <nestedLevel>0</nestedLevel>
  <property name="hostName">janine.bautista - J9</property>
</record>
<record>
  <date>2018-12-26T18:08:20</date>
  <millis>1545818900631</millis>
  <sequence>2</sequence>
  <level>RUN_DATA</level>
  <class>com.kms.katalon.core.logging.XmlKeywordLogger</class>
  <method>logMessage</method>
  <thread>1</thread>
  <message>os = Windows 10 64bit</message>
  <nestedLevel>0</nestedLevel>
  <property name="os">Windows 10 64bit</property>
</record>
<record>
  <date>2018-12-26T18:08:20</date>
  <millis>1545818900632</millis>
  <sequence>3</sequence>
  <level>RUN_DATA</level>
  <class>com.kms.katalon.core.logging.XmlKeywordLogger</class>
  <method>logMessage</method>
  <thread>1</thread>
  <message>hostAddress = 172.16.8.107</message>
  <nestedLevel>0</nestedLevel>
  <property name="hostAddress">172.16.8.107</property>
</record>
<record>
  <date>2018-12-26T18:08:20</date>
  <millis>1545818900633</millis>
  <sequence>4</sequence>
  <level>RUN_DATA</level>
  <class>com.kms.katalon.core.logging.XmlKeywordLogger</class>
  <method>logMessage</method>
  <thread>1</thread>
  <message>katalonVersion = 5.10.0.1</message>
  <nestedLevel>0</nestedLevel>
  <property name="katalonVersion">5.10.0.1</property>
</record>
<record>
  <date>2018-12-26T18:08:20</date>
  <millis>1545818900917</millis>
  <sequence>5</sequence>
  <level>START</level>
  <class>com.kms.katalon.core.logging.XmlKeywordLogger</class>
  <method>startTest</method>
  <thread>1</thread>
  <message>Start Test Case : Test Cases/frontend_users/register_100_users</message>
  <nestedLevel>1</nestedLevel>
  <property name="name">Test Cases/frontend_users/register_100_users</property>
  <property name="description"></property>
  <property name="id">Test Cases/frontend_users/register_100_users</property>
  <property name="source">C:\\Users\\janine.bautista\\git\\API_UCF88\\Test Cases\\frontend_users\\register_100_users.tc</property>
  <property name="isOptional">false</property>
</record>
<record>
  <date>2018-12-26T18:08:20</date>
  <millis>1545818900966</millis>
  <sequence>7</sequence>
  <level>INFO</level>
  <class>com.kms.katalon.core.logging.XmlKeywordLogger</class>
  <method>logMessage</method>
  <thread>1</thread>
  <message>signUp_username = testUser1</message>
  <nestedLevel>1</nestedLevel>
</record>
<record>
  <date>2018-12-26T18:08:20</date>
  <millis>1545818900967</millis>
  <sequence>8</sequence>
  <level>INFO</level>
  <class>com.kms.katalon.core.logging.XmlKeywordLogger</class>
  <method>logMessage</method>
  <thread>1</thread>
  <message>signUp_email = testUser1@gmail.com</message>
  <nestedLevel>1</nestedLevel>
</record>
<record>
  <date>2018-12-26T18:08:20</date>
  <millis>1545818900969</millis>
  <sequence>9</sequence>
  <level>INFO</level>
  <class>com.kms.katalon.core.logging.XmlKeywordLogger</class>
  <method>logMessage</method>
  <thread>1</thread>
  <message>signUp_name = testUser1</message>
  <nestedLevel>1</nestedLevel>
</record>
<record>
  <date>2018-12-26T18:08:20</date>
  <millis>1545818900969</millis>
  <sequence>10</sequence>
  <level>INFO</level>
  <class>com.kms.katalon.core.logging.XmlKeywordLogger</class>
  <method>logMessage</method>
  <thread>1</thread>
  <message>signUp_password = 123123</message>
  <nestedLevel>1</nestedLevel>
</record>
<record>
  <date>2018-12-26T18:08:20</date>
  <millis>1545818900970</millis>
  <sequence>11</sequence>
  <level>INFO</level>
  <class>com.kms.katalon.core.logging.XmlKeywordLogger</class>
  <method>logMessage</method>
  <thread>1</thread>
  <message>input_username = testUser 1</message>
  <nestedLevel>1</nestedLevel>
</record>
<record>
  <date>2018-12-26T18:08:20</date>
  <millis>1545818900971</millis>
  <sequence>12</sequence>
  <level>INFO</level>
  <class>com.kms.katalon.core.logging.XmlKeywordLogger</class>
  <method>logMessage</method>
  <thread>1</thread>
  <message>input_password = 123123</message>
  <nestedLevel>1</nestedLevel>
</record>
<record>
  <date>2018-12-26T18:08:21</date>
  <millis>1545818901454</millis>
  <sequence>13</sequence>
  <level>START</level>
  <class>com.kms.katalon.core.logging.XmlKeywordLogger</class>
  <method>startKeyword</method>
  <thread>1</thread>
  <message>Start action : openBrowser(\&amp;quot;\&amp;quot;)</message>
  <nestedLevel>1</nestedLevel>
  <property name="startLine">16</property>
  <property name="stepIndex">1</property>
</record>
<record>
  <date>2018-12-26T18:08:21</date>
  <millis>1545818901796</millis>
  <sequence>15</sequence>
  <level>INFO</level>
  <class>com.kms.katalon.core.logging.XmlKeywordLogger</class>
  <method>logMessage</method>
  <thread>1</thread>
  <message>Starting &amp;apos;Chrome&amp;apos; driver</message>
  <nestedLevel>1</nestedLevel>
</record>
<record>
  <date>2018-12-26T18:08:21</date>
  <millis>1545818901829</millis>
  <sequence>16</sequence>
  <level>INFO</level>
  <class>com.kms.katalon.core.logging.XmlKeywordLogger</class>
  <method>logMessage</method>
  <thread>1</thread>
  <message>Action delay is set to 0 seconds</message>
  <nestedLevel>1</nestedLevel>
</record>
